app/build/intermediates/manifest_merge_blame_file/debug/manifest-merger-blame-debug-report.txt
1<?xml version="1.0" encoding="utf-8"?>
2<manifest xmlns:android="http://schemas.android.com/apk/res/android"
3    package="com.movedriverdriver"
4    android:versionCode="1"
5    android:versionName="1.0" >
6
7    <uses-sdk
8        android:minSdkVersion="21"
8-->src\main\AndroidManifest.xml
9        android:targetSdkVersion="33" />
9-->src\main\AndroidManifest.xml
10
11    <uses-permission android:name="android.permission.POST_NOTIFICATIONS" />
11-->src\main\AndroidManifest.xml:7:5-77
11-->src\main\AndroidManifest.xml:7:22-74
12    <uses-permission android:name="com.adrop.permission.MAPS_RECEIVE" />
12-->src\main\AndroidManifest.xml:8:5-73
12-->src\main\AndroidManifest.xml:8:22-70
13    <uses-permission android:name="android.permission.ACCESS_FINE_LOCATION" />
13-->src\main\AndroidManifest.xml:9:5-79
13-->src\main\AndroidManifest.xml:9:22-76
14    <uses-permission android:name="android.permission.ACCESS_COARSE_LOCATION" />
14-->src\main\AndroidManifest.xml:10:5-81
14-->src\main\AndroidManifest.xml:10:22-78
15    <uses-permission android:name="android.permission.ACCESS_NETWORK_STATE" />
15-->src\main\AndroidManifest.xml:11:5-79
15-->src\main\AndroidManifest.xml:11:22-76
16    <uses-permission android:name="android.permission.INTERNET" />
16-->src\main\AndroidManifest.xml:12:5-67
16-->src\main\AndroidManifest.xml:12:22-64
17    <uses-permission android:name="android.permission.WRITE_EXTERNAL_STORAGE" />
17-->src\main\AndroidManifest.xml:13:5-81
17-->src\main\AndroidManifest.xml:13:22-78
18    <uses-permission android:name="android.permission.ACCESS_WIFI_STATE" />
18-->src\main\AndroidManifest.xml:14:5-76
18-->src\main\AndroidManifest.xml:14:22-73
19    <uses-permission android:name="android.permission.CHANGE_WIFI_STATE" />
19-->src\main\AndroidManifest.xml:15:5-76
19-->src\main\AndroidManifest.xml:15:22-73
20    <uses-permission android:name="android.permission.READ_EXTERNAL_STORAGE" />
20-->src\main\AndroidManifest.xml:16:5-80
20-->src\main\AndroidManifest.xml:16:22-77
21    <uses-permission android:name="android.permission.GPS_ENABLED_CHANGE" />
21-->src\main\AndroidManifest.xml:17:5-77
21-->src\main\AndroidManifest.xml:17:22-74
22    <uses-permission android:name="com.google.android.c2dm.permission.RECEIVE" />
22-->src\main\AndroidManifest.xml:18:5-82
22-->src\main\AndroidManifest.xml:18:22-79
23    <uses-permission android:name="com.adrop.permission.C2D_MESSAGE" />
23-->src\main\AndroidManifest.xml:19:5-72
23-->src\main\AndroidManifest.xml:19:22-69
24    <uses-permission android:name="android.permission.WAKE_LOCK" />
24-->src\main\AndroidManifest.xml:20:5-68
24-->src\main\AndroidManifest.xml:20:22-65
25    <uses-permission android:name="com.google.android.things.permission.SET_TIME" />
25-->src\main\AndroidManifest.xml:21:5-85
25-->src\main\AndroidManifest.xml:21:22-82
26    <uses-permission android:name="android.permission.FOREGROUND_SERVICE" />
26-->src\main\AndroidManifest.xml:22:5-77
26-->src\main\AndroidManifest.xml:22:22-74
27    <uses-permission android:name="android.permission.SYSTEM_ALERT_WINDOW" />
27-->src\main\AndroidManifest.xml:23:5-78
27-->src\main\AndroidManifest.xml:23:22-75
28
29    <uses-feature
29-->src\main\AndroidManifest.xml:25:5-27:35
30        android:name="android.hardware.location.gps"
30-->src\main\AndroidManifest.xml:26:9-53
31        android:required="true" />
31-->src\main\AndroidManifest.xml:27:9-32
32    <uses-feature
32-->src\main\AndroidManifest.xml:28:5-30:35
33        android:glEsVersion="0x00020000"
33-->src\main\AndroidManifest.xml:29:9-41
34        android:required="true" />
34-->src\main\AndroidManifest.xml:30:9-32
35
36    <uses-permission android:name="android.permission.READ_PHONE_STATE" />
36-->[:sospluginmodlue] AndroidManifest.xml:13:5-75
36-->[:sospluginmodlue] AndroidManifest.xml:13:22-72
37
38    <queries>
38-->[com.google.android.gms:play-services-maps:18.1.0] AndroidManifest.xml:30:5-34:15
39
40        <!-- Needs to be explicitly declared on Android R+ -->
41        <package android:name="com.google.android.apps.maps" />
41-->[com.google.android.gms:play-services-maps:18.1.0] AndroidManifest.xml:33:9-64
41-->[com.google.android.gms:play-services-maps:18.1.0] AndroidManifest.xml:33:18-61
42    </queries>
43
44    <application
44-->src\main\AndroidManifest.xml:32:5-479:19
45        android:name="com.movedriverdriver.util.AppController"
45-->src\main\AndroidManifest.xml:33:9-63
46        android:allowBackup="false"
46-->src\main\AndroidManifest.xml:34:9-36
47        android:appComponentFactory="androidx.core.app.CoreComponentFactory"
47-->[androidx.core:core:1.3.2] AndroidManifest.xml:24:18-86
48        android:debuggable="true"
49        android:icon="@drawable/ic_launcher"
49-->src\main\AndroidManifest.xml:35:9-45
50        android:label="@string/app_name"
50-->src\main\AndroidManifest.xml:36:9-41
51        android:largeHeap="true"
51-->src\main\AndroidManifest.xml:37:9-33
52        android:requestLegacyExternalStorage="true"
52-->src\main\AndroidManifest.xml:38:9-52
53        android:supportsRtl="true"
53-->src\main\AndroidManifest.xml:39:9-35
54        android:testOnly="true"
55        android:theme="@style/Mymaterialact"
55-->src\main\AndroidManifest.xml:40:9-45
56        android:usesCleartextTraffic="true" >
56-->src\main\AndroidManifest.xml:41:9-44
57        <uses-library android:name="com.google.android.maps" />
57-->src\main\AndroidManifest.xml:45:9-64
57-->src\main\AndroidManifest.xml:45:23-61
58        <uses-library
58-->src\main\AndroidManifest.xml:46:9-48:40
59            android:name="org.apache.http.legacy"
59-->src\main\AndroidManifest.xml:47:13-50
60            android:required="false" />
60-->src\main\AndroidManifest.xml:48:13-37
61
62        <activity
62-->src\main\AndroidManifest.xml:50:9-62:20
63            android:name="com.movedriverdriver.SplashActivity"
63-->src\main\AndroidManifest.xml:51:13-63
64            android:exported="true"
64-->src\main\AndroidManifest.xml:52:13-36
65            android:label="@string/app_name"
65-->src\main\AndroidManifest.xml:53:13-45
66            android:screenOrientation="portrait"
66-->src\main\AndroidManifest.xml:54:13-49
67            android:theme="@style/Theme.AppCompat.Translucent" >
67-->src\main\AndroidManifest.xml:55:13-63
68            <intent-filter>
68-->src\main\AndroidManifest.xml:56:13-61:29
69                <action android:name="android.intent.action.MAIN" />
69-->src\main\AndroidManifest.xml:57:17-69
69-->src\main\AndroidManifest.xml:57:25-66
70                <action android:name="android.intent.action.VIEW" />
70-->src\main\AndroidManifest.xml:58:17-69
70-->src\main\AndroidManifest.xml:58:25-66
71
72                <category android:name="android.intent.category.LAUNCHER" />
72-->src\main\AndroidManifest.xml:60:17-77
72-->src\main\AndroidManifest.xml:60:27-74
73            </intent-filter>
74        </activity>
75        <activity
75-->src\main\AndroidManifest.xml:64:9-67:67
76            android:name="com.movedriverdriver.driver.DriverAddFleetAct"
76-->src\main\AndroidManifest.xml:65:13-73
77            android:theme="@style/Mymaterialact"
77-->src\main\AndroidManifest.xml:66:13-49
78            android:windowSoftInputMode="adjustPan|stateHidden" />
78-->src\main\AndroidManifest.xml:67:13-64
79        <activity
79-->src\main\AndroidManifest.xml:69:9-71:66
80            android:name="com.movedriverdriver.SignatureAct"
80-->src\main\AndroidManifest.xml:69:19-47
81            android:theme="@style/Mymaterialact"
81-->src\main\AndroidManifest.xml:70:13-49
82            android:windowSoftInputMode="adjustPan|stateHidden" />
82-->src\main\AndroidManifest.xml:71:13-64
83
84        <!--
85                <service android:name=".MyFirebaseInstanceIDService">
86                    <intent-filter>
87                        <action android:name="com.google.firebase.INSTANCE_ID_EVENT" />
88                    </intent-filter>
89                </service>
90        -->
91        <service
91-->src\main\AndroidManifest.xml:79:9-85:19
92            android:name="com.movedriverdriver.service.FirebaseService"
92-->src\main\AndroidManifest.xml:80:13-72
93            android:exported="false" >
93-->src\main\AndroidManifest.xml:81:13-37
94            <intent-filter>
94-->src\main\AndroidManifest.xml:82:13-84:29
95                <action android:name="com.google.firebase.MESSAGING_EVENT" />
95-->src\main\AndroidManifest.xml:83:17-78
95-->src\main\AndroidManifest.xml:83:25-75
96            </intent-filter>
97        </service>
98
99        <!-- <meta-data -->
100        <!-- android:name="com.google.firebase.messaging.default_notification_icon" -->
101        <!-- android:resource="@drawable/driver_notification_icon" -->
102        <!-- android:value="@color/button_accept"/> -->
103
104        <service android:name="com.movedriverdriver.service.BackgroundCoreConfig" />
104-->src\main\AndroidManifest.xml:92:9-85
104-->src\main\AndroidManifest.xml:92:18-82
105
106        <meta-data
106-->src\main\AndroidManifest.xml:94:9-97:47
107            android:name="com.facebook.sdk.ApplicationName"
107-->src\main\AndroidManifest.xml:95:13-60
108            android:value="@string/app_name" />
108-->src\main\AndroidManifest.xml:96:13-45
109
110        <activity
110-->src\main\AndroidManifest.xml:98:9-101:48
111            android:name="com.facebook.FacebookActivity"
111-->src\main\AndroidManifest.xml:99:13-57
112            android:configChanges="keyboard|keyboardHidden|screenLayout|screenSize|orientation"
112-->src\main\AndroidManifest.xml:100:13-96
113            android:label="@string/app_name"
113-->src\main\AndroidManifest.xml:101:13-45
114            android:theme="@style/com_facebook_activity_theme" />
114-->[com.facebook.android:facebook-common:5.8.0] AndroidManifest.xml:32:13-63
115
116        <meta-data
116-->src\main\AndroidManifest.xml:103:9-105:53
117            android:name="com.facebook.sdk.ApplicationId"
117-->src\main\AndroidManifest.xml:104:13-58
118            android:value="@string/facebookAppId" />
118-->src\main\AndroidManifest.xml:105:13-50
119
120        <!-- <provider -->
121        <!-- android:name="com.facebook.FacebookContentProvider" -->
122        <!-- android:authorities="@string/facebookId" -->
123        <!-- android:exported="false" /> -->
124
125        <receiver
125-->src\main\AndroidManifest.xml:112:9-118:20
126            android:name="com.movedriverdriver.util.NetworkStatus"
126-->src\main\AndroidManifest.xml:113:13-67
127            android:exported="false" >
127-->src\main\AndroidManifest.xml:114:13-37
128            <intent-filter>
128-->src\main\AndroidManifest.xml:115:13-117:29
129                <action android:name="android.net.conn.CONNECTIVITY_CHANGE" />
129-->src\main\AndroidManifest.xml:116:17-79
129-->src\main\AndroidManifest.xml:116:25-76
130            </intent-filter>
131        </receiver>
132        <receiver
132-->src\main\AndroidManifest.xml:119:9-125:20
133            android:name="com.movedriverdriver.util.GpsStatus"
133-->src\main\AndroidManifest.xml:120:13-63
134            android:exported="false" >
134-->src\main\AndroidManifest.xml:121:13-37
135            <intent-filter>
135-->src\main\AndroidManifest.xml:122:13-124:29
136                <action android:name="android.location.PROVIDERS_CHANGED" />
136-->src\main\AndroidManifest.xml:123:17-77
136-->src\main\AndroidManifest.xml:123:25-74
137            </intent-filter>
138        </receiver>
139
140        <provider
140-->src\main\AndroidManifest.xml:127:9-135:20
141            android:name="androidx.core.content.FileProvider"
141-->src\main\AndroidManifest.xml:128:13-62
142            android:authorities="com.movedriverdriver.files_root"
142-->src\main\AndroidManifest.xml:129:13-66
143            android:exported="false"
143-->src\main\AndroidManifest.xml:130:13-37
144            android:grantUriPermissions="true" >
144-->src\main\AndroidManifest.xml:131:13-47
145            <meta-data
145-->src\main\AndroidManifest.xml:132:13-134:58
146                android:name="android.support.FILE_PROVIDER_PATHS"
146-->src\main\AndroidManifest.xml:133:17-67
147                android:resource="@xml/provider_paths" />
147-->src\main\AndroidManifest.xml:134:17-55
148        </provider>
149
150        <meta-data
150-->src\main\AndroidManifest.xml:137:9-139:69
151            android:name="com.google.android.gms.version"
151-->src\main\AndroidManifest.xml:138:13-58
152            android:value="@integer/google_play_services_version" />
152-->src\main\AndroidManifest.xml:139:13-66
153
154        <!-- <service android:name=".service.AuthService" /> -->
155        <activity
155-->src\main\AndroidManifest.xml:142:9-145:52
156            android:name="com.yalantis.ucrop.UCropActivity"
156-->src\main\AndroidManifest.xml:143:13-60
157            android:screenOrientation="portrait"
157-->src\main\AndroidManifest.xml:144:13-49
158            android:theme="@style/Mymaterialact" />
158-->src\main\AndroidManifest.xml:145:13-49
159
160        <meta-data
160-->src\main\AndroidManifest.xml:147:9-149:57
161            android:name="preloaded_fonts"
161-->src\main\AndroidManifest.xml:148:13-43
162            android:resource="@array/preloaded_fonts" />
162-->src\main\AndroidManifest.xml:149:13-54
163        <meta-data
163-->src\main\AndroidManifest.xml:151:9-153:37
164            android:name="firebase_analytics_collection_enabled"
164-->src\main\AndroidManifest.xml:152:13-65
165            android:value="false" />
165-->src\main\AndroidManifest.xml:153:13-34
166
167        <!-- DRiver -->
168
169        <activity
169-->src\main\AndroidManifest.xml:157:9-161:70
170            android:name="com.movedriverdriver.driver.DummyActivityDriver"
170-->src\main\AndroidManifest.xml:158:13-75
171            android:screenOrientation="portrait"
171-->src\main\AndroidManifest.xml:159:13-49
172            android:theme="@style/MyMaterialTheme"
172-->src\main\AndroidManifest.xml:160:13-51
173            android:windowSoftInputMode="adjustResize|stateHidden" />
173-->src\main\AndroidManifest.xml:161:13-67
174
175        <receiver
175-->src\main\AndroidManifest.xml:163:9-170:20
176            android:name="com.movedriverdriver.driver.DriverCallReceiver"
176-->src\main\AndroidManifest.xml:164:13-74
177            android:enabled="true"
177-->src\main\AndroidManifest.xml:165:13-35
178            android:exported="false" >
178-->src\main\AndroidManifest.xml:166:13-37
179            <intent-filter>
179-->src\main\AndroidManifest.xml:167:13-169:29
180                <action android:name="android.intent.action.PHONE_STATE" />
180-->src\main\AndroidManifest.xml:168:17-76
180-->src\main\AndroidManifest.xml:168:25-73
181            </intent-filter>
182        </receiver>
183
184        <activity
184-->src\main\AndroidManifest.xml:172:9-176:67
185            android:name="com.movedriverdriver.driver.utils.DriverSignUpWebviewAct"
185-->src\main\AndroidManifest.xml:173:13-84
186            android:screenOrientation="portrait"
186-->src\main\AndroidManifest.xml:174:13-49
187            android:theme="@style/MyMaterialTheme"
187-->src\main\AndroidManifest.xml:175:13-51
188            android:windowSoftInputMode="adjustPan|stateHidden" />
188-->src\main\AndroidManifest.xml:176:13-64
189        <activity
189-->src\main\AndroidManifest.xml:177:9-184:20
190            android:name="com.movedriverdriver.driver.DriverSplashAct"
190-->src\main\AndroidManifest.xml:178:13-71
191            android:label="@string/app_name"
191-->src\main\AndroidManifest.xml:179:13-45
192            android:screenOrientation="portrait"
192-->src\main\AndroidManifest.xml:180:13-49
193            android:theme="@style/Theme.AppCompat.Translucent" >
193-->src\main\AndroidManifest.xml:181:13-63
194        </activity>
195        <activity
195-->src\main\AndroidManifest.xml:185:9-189:70
196            android:name="com.movedriverdriver.driver.permission.DriverDevicePermissionActivityDriver"
196-->src\main\AndroidManifest.xml:186:13-103
197            android:screenOrientation="portrait"
197-->src\main\AndroidManifest.xml:187:13-49
198            android:theme="@style/MyMaterialTheme"
198-->src\main\AndroidManifest.xml:188:13-51
199            android:windowSoftInputMode="adjustResize|stateHidden" />
199-->src\main\AndroidManifest.xml:189:13-67
200        <activity
200-->src\main\AndroidManifest.xml:191:9-195:70
201            android:name="com.movedriverdriver.driver.permission.DriverStoreAndSecureActivityDriver"
201-->src\main\AndroidManifest.xml:192:13-101
202            android:screenOrientation="portrait"
202-->src\main\AndroidManifest.xml:193:13-49
203            android:theme="@style/MyMaterialTheme"
203-->src\main\AndroidManifest.xml:194:13-51
204            android:windowSoftInputMode="adjustResize|stateHidden" />
204-->src\main\AndroidManifest.xml:195:13-67
205        <activity
205-->src\main\AndroidManifest.xml:197:9-201:70
206            android:name="com.movedriverdriver.driver.DriverWebviewAct"
206-->src\main\AndroidManifest.xml:198:13-72
207            android:screenOrientation="portrait"
207-->src\main\AndroidManifest.xml:199:13-49
208            android:theme="@style/MyMaterialTheme"
208-->src\main\AndroidManifest.xml:200:13-51
209            android:windowSoftInputMode="adjustResize|stateHidden" />
209-->src\main\AndroidManifest.xml:201:13-67
210        <activity
210-->src\main\AndroidManifest.xml:202:9-206:67
211            android:name="com.movedriverdriver.driver.DriverStreetPickUpAct"
211-->src\main\AndroidManifest.xml:203:13-77
212            android:screenOrientation="portrait"
212-->src\main\AndroidManifest.xml:204:13-49
213            android:theme="@style/MyMaterialTheme"
213-->src\main\AndroidManifest.xml:205:13-51
214            android:windowSoftInputMode="adjustPan|stateHidden" />
214-->src\main\AndroidManifest.xml:206:13-64
215        <activity
215-->src\main\AndroidManifest.xml:207:9-211:64
216            android:name="com.movedriverdriver.driver.locationSearch.DriverLocationSearchActivityDriver"
216-->src\main\AndroidManifest.xml:208:13-105
217            android:screenOrientation="portrait"
217-->src\main\AndroidManifest.xml:209:13-49
218            android:theme="@style/MyMaterialTheme"
218-->src\main\AndroidManifest.xml:210:13-51
219            android:windowSoftInputMode="stateAlwaysVisible" />
219-->src\main\AndroidManifest.xml:211:13-61
220        <activity
220-->src\main\AndroidManifest.xml:213:9-217:67
221            android:name="com.movedriverdriver.driver.DriverTripHistoryAct"
221-->src\main\AndroidManifest.xml:214:13-76
222            android:screenOrientation="portrait"
222-->src\main\AndroidManifest.xml:215:13-49
223            android:theme="@style/MyMaterialTheme"
223-->src\main\AndroidManifest.xml:216:13-51
224            android:windowSoftInputMode="adjustPan|stateHidden" />
224-->src\main\AndroidManifest.xml:217:13-64
225        <activity
225-->src\main\AndroidManifest.xml:218:9-222:67
226            android:name="com.movedriverdriver.driver.DriverTripDetails"
226-->src\main\AndroidManifest.xml:219:13-73
227            android:screenOrientation="portrait"
227-->src\main\AndroidManifest.xml:220:13-49
228            android:theme="@style/MyMaterialTheme"
228-->src\main\AndroidManifest.xml:221:13-51
229            android:windowSoftInputMode="adjustPan|stateHidden" />
229-->src\main\AndroidManifest.xml:222:13-64
230        <activity
230-->src\main\AndroidManifest.xml:223:9-228:67
231            android:name="com.movedriverdriver.driver.DriverUserLoginAct"
231-->src\main\AndroidManifest.xml:224:13-74
232            android:launchMode="singleTask"
232-->src\main\AndroidManifest.xml:225:13-44
233            android:screenOrientation="portrait"
233-->src\main\AndroidManifest.xml:226:13-49
234            android:theme="@style/MyMaterialTheme"
234-->src\main\AndroidManifest.xml:227:13-51
235            android:windowSoftInputMode="adjustPan|stateHidden" />
235-->src\main\AndroidManifest.xml:228:13-64
236        <activity
236-->src\main\AndroidManifest.xml:229:9-233:67
237            android:name="com.movedriverdriver.driver.DriverJobdoneAct"
237-->src\main\AndroidManifest.xml:230:13-72
238            android:screenOrientation="portrait"
238-->src\main\AndroidManifest.xml:231:13-49
239            android:theme="@style/MyMaterialTheme"
239-->src\main\AndroidManifest.xml:232:13-51
240            android:windowSoftInputMode="adjustPan|stateHidden" />
240-->src\main\AndroidManifest.xml:233:13-64
241        <activity
241-->src\main\AndroidManifest.xml:234:9-238:67
242            android:name="com.movedriverdriver.driver.DriverInviteFriendAct"
242-->src\main\AndroidManifest.xml:235:13-77
243            android:screenOrientation="portrait"
243-->src\main\AndroidManifest.xml:236:13-49
244            android:theme="@style/MyMaterialTheme"
244-->src\main\AndroidManifest.xml:237:13-51
245            android:windowSoftInputMode="adjustPan|stateHidden" />
245-->src\main\AndroidManifest.xml:238:13-64
246        <activity
246-->src\main\AndroidManifest.xml:239:9-244:67
247            android:name="com.movedriverdriver.driver.DriverOngoingAct"
247-->src\main\AndroidManifest.xml:240:13-72
248            android:launchMode="singleTask"
248-->src\main\AndroidManifest.xml:241:13-44
249            android:screenOrientation="portrait"
249-->src\main\AndroidManifest.xml:242:13-49
250            android:theme="@style/MyMaterialTheme"
250-->src\main\AndroidManifest.xml:243:13-51
251            android:windowSoftInputMode="adjustPan|stateHidden" />
251-->src\main\AndroidManifest.xml:244:13-64
252        <activity
252-->src\main\AndroidManifest.xml:245:9-250:67
253            android:name="com.movedriverdriver.driver.DriverMeAct"
253-->src\main\AndroidManifest.xml:246:13-67
254            android:configChanges="mcc|mnc|locale|touchscreen|keyboard|keyboardHidden|navigation|orientation|screenLayout|uiMode|screenSize|smallestScreenSize|layoutDirection|fontScale"
254-->src\main\AndroidManifest.xml:247:13-186
255            android:screenOrientation="portrait"
255-->src\main\AndroidManifest.xml:248:13-49
256            android:theme="@style/MyMaterialTheme"
256-->src\main\AndroidManifest.xml:249:13-51
257            android:windowSoftInputMode="adjustPan|stateHidden" />
257-->src\main\AndroidManifest.xml:250:13-64
258        <activity
258-->src\main\AndroidManifest.xml:251:9-256:67
259            android:name="com.movedriverdriver.driver.DriverSettingsAct"
259-->src\main\AndroidManifest.xml:252:13-73
260            android:configChanges="mcc|mnc|locale|touchscreen|keyboard|keyboardHidden|navigation|orientation|screenLayout|uiMode|screenSize|smallestScreenSize|layoutDirection|fontScale"
260-->src\main\AndroidManifest.xml:253:13-186
261            android:screenOrientation="portrait"
261-->src\main\AndroidManifest.xml:254:13-49
262            android:theme="@style/MyMaterialTheme"
262-->src\main\AndroidManifest.xml:255:13-51
263            android:windowSoftInputMode="adjustPan|stateHidden" />
263-->src\main\AndroidManifest.xml:256:13-64
264        <activity
264-->src\main\AndroidManifest.xml:258:9-265:67
265            android:name="com.movedriverdriver.driver.DriverNotificationAct"
265-->src\main\AndroidManifest.xml:259:13-77
266            android:configChanges="locale"
266-->src\main\AndroidManifest.xml:260:13-43
267            android:launchMode="singleTask"
267-->src\main\AndroidManifest.xml:261:13-44
268            android:screenOrientation="portrait"
268-->src\main\AndroidManifest.xml:262:13-49
269            android:theme="@style/MyMaterialTheme"
269-->src\main\AndroidManifest.xml:263:13-51
270            android:windowSoftInputMode="adjustPan|stateHidden" />
270-->src\main\AndroidManifest.xml:265:13-64
271        <activity
271-->src\main\AndroidManifest.xml:266:9-271:67
272            android:name="com.movedriverdriver.driver.DriverFarecalcAct"
272-->src\main\AndroidManifest.xml:267:13-73
273            android:launchMode="singleTop"
273-->src\main\AndroidManifest.xml:268:13-43
274            android:screenOrientation="portrait"
274-->src\main\AndroidManifest.xml:269:13-49
275            android:theme="@style/MyMaterialTheme"
275-->src\main\AndroidManifest.xml:270:13-51
276            android:windowSoftInputMode="adjustPan|stateHidden" />
276-->src\main\AndroidManifest.xml:271:13-64
277        <activity
277-->src\main\AndroidManifest.xml:272:9-276:67
278            android:name="com.movedriverdriver.driver.DriverPayuncardAct"
278-->src\main\AndroidManifest.xml:273:13-74
279            android:screenOrientation="portrait"
279-->src\main\AndroidManifest.xml:274:13-49
280            android:theme="@style/MyMaterialTheme"
280-->src\main\AndroidManifest.xml:275:13-51
281            android:windowSoftInputMode="adjustPan|stateHidden" />
281-->src\main\AndroidManifest.xml:276:13-64
282        <activity
282-->src\main\AndroidManifest.xml:277:9-281:67
283            android:name="com.movedriverdriver.driver.DriverCanceltripAct"
283-->src\main\AndroidManifest.xml:278:13-75
284            android:screenOrientation="portrait"
284-->src\main\AndroidManifest.xml:279:13-49
285            android:theme="@style/Theme.Transparent"
285-->src\main\AndroidManifest.xml:280:13-53
286            android:windowSoftInputMode="adjustPan|stateHidden" />
286-->src\main\AndroidManifest.xml:281:13-64
287        <activity
287-->src\main\AndroidManifest.xml:283:9-287:67
288            android:name="com.movedriverdriver.driver.DriverShowAlertAct"
288-->src\main\AndroidManifest.xml:284:13-74
289            android:screenOrientation="portrait"
289-->src\main\AndroidManifest.xml:285:13-49
290            android:theme="@style/Theme.Transparent"
290-->src\main\AndroidManifest.xml:286:13-53
291            android:windowSoftInputMode="adjustPan|stateHidden" />
291-->src\main\AndroidManifest.xml:287:13-64
292        <activity
292-->src\main\AndroidManifest.xml:288:9-293:67
293            android:name="com.movedriverdriver.driver.DriverMyStatus"
293-->src\main\AndroidManifest.xml:289:13-70
294            android:launchMode="singleTask"
294-->src\main\AndroidManifest.xml:290:13-44
295            android:screenOrientation="portrait"
295-->src\main\AndroidManifest.xml:291:13-49
296            android:theme="@style/MyMaterialTheme_home"
296-->src\main\AndroidManifest.xml:292:13-56
297            android:windowSoftInputMode="adjustPan|stateHidden" />
297-->src\main\AndroidManifest.xml:293:13-64
298        <activity
298-->src\main\AndroidManifest.xml:294:9-299:67
299            android:name="com.movedriverdriver.driver.DriverWithdrawHistoryAct"
299-->src\main\AndroidManifest.xml:295:13-80
300            android:launchMode="singleTask"
300-->src\main\AndroidManifest.xml:296:13-44
301            android:screenOrientation="portrait"
301-->src\main\AndroidManifest.xml:297:13-49
302            android:theme="@style/MyMaterialTheme"
302-->src\main\AndroidManifest.xml:298:13-51
303            android:windowSoftInputMode="adjustPan|stateHidden" />
303-->src\main\AndroidManifest.xml:299:13-64
304        <activity
304-->src\main\AndroidManifest.xml:300:9-305:67
305            android:name="com.movedriverdriver.driver.DriverWithDrawMenuAct"
305-->src\main\AndroidManifest.xml:301:13-77
306            android:launchMode="singleTask"
306-->src\main\AndroidManifest.xml:302:13-44
307            android:screenOrientation="portrait"
307-->src\main\AndroidManifest.xml:303:13-49
308            android:theme="@style/MyMaterialTheme"
308-->src\main\AndroidManifest.xml:304:13-51
309            android:windowSoftInputMode="adjustPan|stateHidden" />
309-->src\main\AndroidManifest.xml:305:13-64
310        <activity
310-->src\main\AndroidManifest.xml:306:9-311:67
311            android:name="com.movedriverdriver.driver.DriverWithdrawReqAct"
311-->src\main\AndroidManifest.xml:307:13-76
312            android:launchMode="singleTask"
312-->src\main\AndroidManifest.xml:308:13-44
313            android:screenOrientation="portrait"
313-->src\main\AndroidManifest.xml:309:13-49
314            android:theme="@style/MyMaterialTheme"
314-->src\main\AndroidManifest.xml:310:13-51
315            android:windowSoftInputMode="adjustPan|stateHidden" />
315-->src\main\AndroidManifest.xml:311:13-64
316        <activity
316-->src\main\AndroidManifest.xml:313:9-315:54
317            android:name="com.movedriverdriver.driver.DriverSelectDropLocationAct"
317-->src\main\AndroidManifest.xml:314:13-83
318            android:theme="@style/MyMaterialTheme" />
318-->src\main\AndroidManifest.xml:315:13-51
319
320        <provider
320-->src\main\AndroidManifest.xml:127:9-135:20
321            android:name="androidx.core.content.FileProvider"
321-->src\main\AndroidManifest.xml:128:13-62
322            android:authorities="com.movedriverdriver.files_root"
322-->src\main\AndroidManifest.xml:129:13-66
323            android:exported="false"
323-->src\main\AndroidManifest.xml:130:13-37
324            android:grantUriPermissions="true" >
324-->src\main\AndroidManifest.xml:131:13-47
325            <meta-data
325-->src\main\AndroidManifest.xml:132:13-134:58
326                android:name="android.support.FILE_PROVIDER_PATHS"
326-->src\main\AndroidManifest.xml:133:17-67
327                android:resource="@xml/provider_paths" />
327-->src\main\AndroidManifest.xml:134:17-55
328        </provider>
329
330        <receiver
330-->src\main\AndroidManifest.xml:327:9-333:20
331            android:name="com.movedriverdriver.driver.utils.DriverNetworkStatus"
331-->src\main\AndroidManifest.xml:328:13-81
332            android:exported="false" >
332-->src\main\AndroidManifest.xml:329:13-37
333            <intent-filter>
333-->src\main\AndroidManifest.xml:115:13-117:29
334                <action android:name="android.net.conn.CONNECTIVITY_CHANGE" />
334-->src\main\AndroidManifest.xml:116:17-79
334-->src\main\AndroidManifest.xml:116:25-76
335            </intent-filter>
336        </receiver>
337        <receiver
337-->src\main\AndroidManifest.xml:334:9-341:20